[debug] [2022-11-15T19:36:12.128Z] ----------------------------------------------------------------------
[debug] [2022-11-15T19:36:12.130Z] Command:       C:\Program Files\nodejs\node.exe C:\Users\Greenwich\AppData\Roaming\npm\node_modules\firebase-tools\lib\bin\firebase.js init
[debug] [2022-11-15T19:36:12.130Z] CLI Version:   11.16.0
[debug] [2022-11-15T19:36:12.130Z] Platform:      win32
[debug] [2022-11-15T19:36:12.131Z] Node Version:  v18.12.1
[debug] [2022-11-15T19:36:12.131Z] Time:          Tue Nov 15 2022 14:36:12 GMT-0500 (Eastern Standard Time)
[debug] [2022-11-15T19:36:12.132Z] ----------------------------------------------------------------------
[debug] 
[debug] [2022-11-15T19:36:12.134Z] >>> [apiv2][query] GET https://firebase-public.firebaseio.com/cli.json [none]
[debug] [2022-11-15T19:36:12.172Z] > command requires scopes: ["email","openid","https://www.googleapis.com/auth/cloudplatformprojects.readonly","https://www.googleapis.com/auth/firebase","https://www.googleapis.com/auth/cloud-platform"]
[debug] [2022-11-15T19:36:12.172Z] > authorizing via signed-in user (jad@studiovip.ca)
[info] 
     ######## #### ########  ######## ########     ###     ######  ########
     ##        ##  ##     ## ##       ##     ##  ##   ##  ##       ##
     ######    ##  ########  ######   ########  #########  ######  ######
     ##        ##  ##    ##  ##       ##     ## ##     ##       ## ##
     ##       #### ##     ## ######## ########  ##     ##  ######  ########

You're about to initialize a Firebase project in this directory:

  C:\Users\Greenwich\JsApp\ThinkerBell

[debug] [2022-11-15T19:36:12.906Z] <<< [apiv2][status] GET https://firebase-public.firebaseio.com/cli.json 200
[debug] [2022-11-15T19:36:12.907Z] <<< [apiv2][body] GET https://firebase-public.firebaseio.com/cli.json {"cloudBuildErrorAfter":1594252800000,"cloudBuildWarnAfter":1590019200000,"defaultNode10After":1594252800000,"minVersion":"3.0.5","node8DeploysDisabledAfter":1613390400000,"node8RuntimeDisabledAfter":1615809600000,"node8WarnAfter":1600128000000}
